::1 - - [11/Feb/2021:07:01:32 +0000] "GET / HTTP/1.1" 200 355 "-" "Mozilla/5.0 (Windows NT 10.0; Win64; x64) AppleWebKit/537.36 (KHTML, like Gecko) Chrome/88.0.4324.150 Safari/537.36 Edg/88.0.705.63"
::1 - - [11/Feb/2021:07:01:35 +0000] "GET /favicon.ico HTTP/1.1" 404 150 "http://localhost:8080/" "Mozilla/5.0 (Windows NT 10.0; Win64; x64) AppleWebKit/537.36 (KHTML, like Gecko) Chrome/88.0.4324.150 Safari/537.36 Edg/88.0.705.63"
::1 - - [11/Feb/2021:07:02:32 +0000] "POST /auth/login HTTP/1.1" 500 62 "-" "PostmanRuntime/7.26.8"
::1 - - [11/Feb/2021:07:02:39 +0000] "POST /auth/login HTTP/1.1" 500 62 "-" "PostmanRuntime/7.26.8"
::1 - - [11/Feb/2021:07:03:16 +0000] "POST /auth/register HTTP/1.1" 500 62 "-" "PostmanRuntime/7.26.8"
::1 - - [11/Feb/2021:07:05:45 +0000] "POST /auth/register HTTP/1.1" 500 62 "-" "PostmanRuntime/7.26.8"
::1 - - [11/Feb/2021:07:05:55 +0000] "POST /auth/register HTTP/1.1" 500 62 "-" "PostmanRuntime/7.26.8"
::1 - - [11/Feb/2021:07:06:25 +0000] "POST /auth/register HTTP/1.1" 500 62 "-" "PostmanRuntime/7.26.8"
::1 - - [11/Feb/2021:07:09:21 +0000] "POST /auth/register HTTP/1.1" 500 62 "-" "PostmanRuntime/7.26.8"
::1 - - [11/Feb/2021:07:09:39 +0000] "POST /auth/register HTTP/1.1" 500 62 "-" "PostmanRuntime/7.26.8"
::1 - - [11/Feb/2021:07:10:33 +0000] "POST /auth/register HTTP/1.1" 500 62 "-" "PostmanRuntime/7.26.8"
::1 - - [11/Feb/2021:07:11:13 +0000] "POST /auth/register HTTP/1.1" 500 62 "-" "PostmanRuntime/7.26.8"
::1 - - [11/Feb/2021:07:11:19 +0000] "POST /auth/register HTTP/1.1" 500 62 "-" "PostmanRuntime/7.26.8"
::1 - - [11/Feb/2021:07:14:33 +0000] "POST /auth/register HTTP/1.1" 500 62 "-" "PostmanRuntime/7.26.8"
::1 - - [11/Feb/2021:07:15:08 +0000] "POST /auth/register HTTP/1.1" 500 62 "-" "PostmanRuntime/7.26.8"
::1 - - [11/Feb/2021:07:15:28 +0000] "POST /auth/register HTTP/1.1" 500 62 "-" "PostmanRuntime/7.26.8"
::1 - - [11/Feb/2021:07:16:01 +0000] "POST /auth/register HTTP/1.1" 403 32 "-" "PostmanRuntime/7.26.8"
::1 - - [11/Feb/2021:07:19:07 +0000] "POST /auth/register HTTP/1.1" 403 32 "-" "PostmanRuntime/7.26.8"
::1 - - [11/Feb/2021:07:19:58 +0000] "POST /auth/login HTTP/1.1" 200 207 "-" "PostmanRuntime/7.26.8"
::1 - - [11/Feb/2021:07:22:13 +0000] "POST /auth/tokenCheck HTTP/1.1" 200 40 "-" "PostmanRuntime/7.26.8"
::1 - - [11/Feb/2021:07:23:01 +0000] "POST /auth/tokenCheck HTTP/1.1" 200 92 "-" "PostmanRuntime/7.26.8"
::1 - - [11/Feb/2021:07:24:21 +0000] "POST /auth/tokenCheck HTTP/1.1" 200 206 "-" "PostmanRuntime/7.26.8"
::1 - - [11/Feb/2021:07:24:56 +0000] "POST /auth/login HTTP/1.1" 200 398 "-" "PostmanRuntime/7.26.8"
::1 - - [11/Feb/2021:07:25:06 +0000] "POST /auth/tokenCheck HTTP/1.1" 200 206 "-" "PostmanRuntime/7.26.8"
::1 - - [11/Feb/2021:07:25:13 +0000] "POST /auth/tokenCheck HTTP/1.1" 200 206 "-" "PostmanRuntime/7.26.8"
::1 - - [11/Feb/2021:07:25:23 +0000] "POST /auth/login HTTP/1.1" 200 398 "-" "PostmanRuntime/7.26.8"
::1 - - [11/Feb/2021:07:25:29 +0000] "POST /auth/tokenCheck HTTP/1.1" 200 206 "-" "PostmanRuntime/7.26.8"
::1 - - [11/Feb/2021:07:25:52 +0000] "POST /auth/tokenCheck HTTP/1.1" - - "-" "PostmanRuntime/7.26.8"
::1 - - [11/Feb/2021:07:26:07 +0000] "POST /auth/tokenCheck HTTP/1.1" - - "-" "PostmanRuntime/7.26.8"
::1 - - [11/Feb/2021:07:26:15 +0000] "POST /auth/tokenCheck HTTP/1.1" 200 206 "-" "PostmanRuntime/7.26.8"
::1 - - [11/Feb/2021:07:29:02 +0000] "POST /auth/tokenCheck HTTP/1.1" 200 206 "-" "PostmanRuntime/7.26.8"
::1 - - [11/Feb/2021:07:29:17 +0000] "POST /auth/tokenCheck HTTP/1.1" 200 206 "-" "PostmanRuntime/7.26.8"
::1 - - [11/Feb/2021:07:31:33 +0000] "POST /auth/tokenCheck HTTP/1.1" 200 153 "-" "PostmanRuntime/7.26.8"
::1 - - [11/Feb/2021:07:31:40 +0000] "POST /auth/login HTTP/1.1" 200 398 "-" "PostmanRuntime/7.26.8"
::1 - - [11/Feb/2021:07:31:46 +0000] "POST /auth/tokenCheck HTTP/1.1" 200 152 "-" "PostmanRuntime/7.26.8"
::1 - - [11/Feb/2021:07:31:56 +0000] "POST /auth/tokenCheck HTTP/1.1" 200 153 "-" "PostmanRuntime/7.26.8"
::1 - - [11/Feb/2021:07:32:16 +0000] "POST /auth/tokenCheck HTTP/1.1" 200 152 "-" "PostmanRuntime/7.26.8"
::1 - - [11/Feb/2021:07:35:09 +0000] "POST /auth/relogin HTTP/1.1" 400 58 "-" "PostmanRuntime/7.26.8"
::1 - - [11/Feb/2021:07:35:21 +0000] "POST /auth/relogin HTTP/1.1" 400 58 "-" "PostmanRuntime/7.26.8"
::1 - - [11/Feb/2021:07:35:33 +0000] "POST /auth/relogin HTTP/1.1" 400 58 "-" "PostmanRuntime/7.26.8"
::1 - - [11/Feb/2021:07:36:27 +0000] "POST /auth/tokenCheck HTTP/1.1" 200 152 "-" "PostmanRuntime/7.26.8"
::1 - - [11/Feb/2021:07:36:37 +0000] "POST /auth/relogin HTTP/1.1" 400 58 "-" "PostmanRuntime/7.26.8"
::1 - - [11/Feb/2021:07:36:52 +0000] "POST /auth/relogin HTTP/1.1" 200 398 "-" "PostmanRuntime/7.26.8"
